<?xml version="1.0" encoding="UTF-8"?>
<testng-results ignored="0" total="1" passed="1" failed="0" skipped="0">
  <reporter-output>
    <line>
      <![CDATA[Fetching data from excel sheet]]>
    </line>
    <line>
      <![CDATA[Fetching data from excel sheet]]>
    </line>
    <line>
      <![CDATA[Fetching data from excel sheet]]>
    </line>
    <line>
      <![CDATA[Fetching data from excel sheet]]>
    </line>
    <line>
      <![CDATA[Fetching data from excel sheet]]>
    </line>
    <line>
      <![CDATA[Fetching data from excel sheet]]>
    </line>
    <line>
      <![CDATA[Fetching data from excel sheet]]>
    </line>
    <line>
      <![CDATA[Fetching data from excel sheet]]>
    </line>
    <line>
      <![CDATA[Fetching data from excel sheet]]>
    </line>
    <line>
      <![CDATA[Fetching data from excel sheet]]>
    </line>
    <line>
      <![CDATA[Fetching data from excel sheet]]>
    </line>
    <line>
      <![CDATA[Fetching data from excel sheet]]>
    </line>
    <line>
      <![CDATA[Fetching data from excel sheet]]>
    </line>
    <line>
      <![CDATA[Fetching data from excel sheet]]>
    </line>
    <line>
      <![CDATA[Fetching data from excel sheet]]>
    </line>
    <line>
      <![CDATA[Fetching data from excel sheet]]>
    </line>
    <line>
      <![CDATA[Fetching data from excel sheet]]>
    </line>
    <line>
      <![CDATA[Fetching data from excel sheet]]>
    </line>
    <line>
      <![CDATA[Fetching data from excel sheet]]>
    </line>
    <line>
      <![CDATA[Fetching data from excel sheet]]>
    </line>
  </reporter-output>
  <suite started-at="2024-04-23T14:24:54 IST" name="Default suite" finished-at="2024-04-23T14:26:49 IST" duration-ms="114678">
    <groups>
    </groups>
    <test started-at="2024-04-23T14:24:54 IST" name="Default test" finished-at="2024-04-23T14:26:49 IST" duration-ms="114678">
      <class name="GSF.Tests.TC_User_Login_Validation">
        <test-method is-config="true" signature="LaunchBrowser()[pri:0, instance:GSF.Tests.TC_User_Login_Validation@543295b0]" started-at="2024-04-23T14:24:54 IST" name="LaunchBrowser" finished-at="2024-04-23T14:24:56 IST" duration-ms="1725" status="PASS">
          <reporter-output>
          </reporter-output>
        </test-method> <!-- LaunchBrowser -->
        <test-method is-config="true" signature="LaunchApplicationUnderTest()[pri:0, instance:GSF.Tests.TC_User_Login_Validation@543295b0]" started-at="2024-04-23T14:24:56 IST" name="LaunchApplicationUnderTest" finished-at="2024-04-23T14:25:03 IST" duration-ms="7013" status="PASS">
          <reporter-output>
          </reporter-output>
        </test-method> <!-- LaunchApplicationUnderTest -->
        <test-method signature="User_Validation()[pri:0, instance:GSF.Tests.TC_User_Login_Validation@543295b0]" started-at="2024-04-23T14:25:03 IST" name="User_Validation" finished-at="2024-04-23T14:26:46 IST" duration-ms="103446" status="PASS">
          <reporter-output>
            <line>
              <![CDATA[Fetching data from excel sheet]]>
            </line>
            <line>
              <![CDATA[Fetching data from excel sheet]]>
            </line>
            <line>
              <![CDATA[Fetching data from excel sheet]]>
            </line>
            <line>
              <![CDATA[Fetching data from excel sheet]]>
            </line>
            <line>
              <![CDATA[Fetching data from excel sheet]]>
            </line>
            <line>
              <![CDATA[Fetching data from excel sheet]]>
            </line>
            <line>
              <![CDATA[Fetching data from excel sheet]]>
            </line>
            <line>
              <![CDATA[Fetching data from excel sheet]]>
            </line>
            <line>
              <![CDATA[Fetching data from excel sheet]]>
            </line>
            <line>
              <![CDATA[Fetching data from excel sheet]]>
            </line>
            <line>
              <![CDATA[Fetching data from excel sheet]]>
            </line>
            <line>
              <![CDATA[Fetching data from excel sheet]]>
            </line>
            <line>
              <![CDATA[Fetching data from excel sheet]]>
            </line>
            <line>
              <![CDATA[Fetching data from excel sheet]]>
            </line>
            <line>
              <![CDATA[Fetching data from excel sheet]]>
            </line>
            <line>
              <![CDATA[Fetching data from excel sheet]]>
            </line>
            <line>
              <![CDATA[Fetching data from excel sheet]]>
            </line>
            <line>
              <![CDATA[Fetching data from excel sheet]]>
            </line>
            <line>
              <![CDATA[Fetching data from excel sheet]]>
            </line>
            <line>
              <![CDATA[Fetching data from excel sheet]]>
            </line>
          </reporter-output>
        </test-method> <!-- User_Validation -->
        <test-method is-config="true" signature="minimizeBrowser()[pri:0, instance:GSF.Tests.TC_User_Login_Validation@543295b0]" started-at="2024-04-23T14:26:46 IST" name="minimizeBrowser" finished-at="2024-04-23T14:26:49 IST" duration-ms="2294" status="PASS">
          <reporter-output>
          </reporter-output>
        </test-method> <!-- minimizeBrowser -->
        <test-method is-config="true" signature="closeBrowser()[pri:0, instance:GSF.Tests.TC_User_Login_Validation@543295b0]" started-at="2024-04-23T14:26:49 IST" name="closeBrowser" finished-at="2024-04-23T14:26:49 IST" duration-ms="145" status="PASS">
          <reporter-output>
          </reporter-output>
        </test-method> <!-- closeBrowser -->
      </class> <!-- GSF.Tests.TC_User_Login_Validation -->
    </test> <!-- Default test -->
  </suite> <!-- Default suite -->
</testng-results>
